{"/root/GitHub/arbiter/src/cli.ts": {"path":"/root/GitHub/arbiter/src/cli.ts","all":true,"statementMap":{"2":{"start":{"line":3,"column":0},"end":{"line":3,"column":36}},"3":{"start":{"line":4,"column":0},"end":{"line":4,"column":26}},"4":{"start":{"line":5,"column":0},"end":{"line":5,"column":43}},"6":{"start":{"line":7,"column":0},"end":{"line":7,"column":30}},"8":{"start":{"line":9,"column":0},"end":{"line":9,"column":35}},"10":{"start":{"line":11,"column":0},"end":{"line":11,"column":7}},"11":{"start":{"line":12,"column":0},"end":{"line":12,"column":18}},"12":{"start":{"line":13,"column":0},"end":{"line":13,"column":79}},"13":{"start":{"line":14,"column":0},"end":{"line":14,"column":19}},"14":{"start":{"line":15,"column":0},"end":{"line":15,"column":69}},"15":{"start":{"line":16,"column":0},"end":{"line":16,"column":75}},"16":{"start":{"line":17,"column":0},"end":{"line":17,"column":88}},"17":{"start":{"line":18,"column":0},"end":{"line":18,"column":69}},"18":{"start":{"line":19,"column":0},"end":{"line":19,"column":61}},"19":{"start":{"line":20,"column":0},"end":{"line":20,"column":54}},"20":{"start":{"line":21,"column":0},"end":{"line":21,"column":52}},"21":{"start":{"line":22,"column":0},"end":{"line":22,"column":23}},"23":{"start":{"line":24,"column":0},"end":{"line":24,"column":31}},"26":{"start":{"line":27,"column":0},"end":{"line":27,"column":14}},"27":{"start":{"line":28,"column":0},"end":{"line":28,"column":25}},"28":{"start":{"line":29,"column":0},"end":{"line":29,"column":36}},"29":{"start":{"line":30,"column":0},"end":{"line":30,"column":39}},"30":{"start":{"line":31,"column":0},"end":{"line":31,"column":22}},"31":{"start":{"line":32,"column":0},"end":{"line":32,"column":26}},"32":{"start":{"line":33,"column":0},"end":{"line":33,"column":21}},"33":{"start":{"line":34,"column":0},"end":{"line":34,"column":62}},"34":{"start":{"line":35,"column":0},"end":{"line":35,"column":18}},"35":{"start":{"line":36,"column":0},"end":{"line":36,"column":3}}},"s":{"2":0,"3":0,"4":0,"6":0,"8":0,"10":0,"11":0,"12":0,"13":0,"14":0,"15":0,"16":0,"17":0,"18":0,"19":0,"20":0,"21":0,"23":0,"26":0,"27":0,"28":0,"29":0,"30":0,"31":0,"32":0,"33":0,"34":0,"35":0},"branchMap":{"0":{"type":"branch","line":1,"loc":{"start":{"line":1,"column":1155},"end":{"line":36,"column":3}},"locations":[{"start":{"line":1,"column":1155},"end":{"line":36,"column":3}}]}},"b":{"0":[1]},"fnMap":{"0":{"name":"(empty-report)","decl":{"start":{"line":1,"column":1155},"end":{"line":36,"column":3}},"loc":{"start":{"line":1,"column":1155},"end":{"line":36,"column":3}},"line":1}},"f":{"0":1}}
,"/root/GitHub/arbiter/src/server.ts": {"path":"/root/GitHub/arbiter/src/server.ts","all":true,"statementMap":{"1":{"start":{"line":2,"column":0},"end":{"line":2,"column":28}},"2":{"start":{"line":3,"column":0},"end":{"line":3,"column":37}},"3":{"start":{"line":4,"column":0},"end":{"line":4,"column":33}},"4":{"start":{"line":5,"column":0},"end":{"line":5,"column":46}},"5":{"start":{"line":6,"column":0},"end":{"line":6,"column":35}},"7":{"start":{"line":8,"column":0},"end":{"line":8,"column":55}},"8":{"start":{"line":9,"column":0},"end":{"line":9,"column":82}},"9":{"start":{"line":10,"column":0},"end":{"line":10,"column":35}},"10":{"start":{"line":11,"column":0},"end":{"line":11,"column":26}},"20":{"start":{"line":21,"column":0},"end":{"line":21,"column":114}},"22":{"start":{"line":23,"column":0},"end":{"line":23,"column":44}},"25":{"start":{"line":26,"column":0},"end":{"line":26,"column":30}},"26":{"start":{"line":27,"column":0},"end":{"line":27,"column":29}},"29":{"start":{"line":30,"column":0},"end":{"line":30,"column":45}},"30":{"start":{"line":31,"column":0},"end":{"line":31,"column":23}},"31":{"start":{"line":32,"column":0},"end":{"line":32,"column":18}},"32":{"start":{"line":33,"column":0},"end":{"line":33,"column":29}},"33":{"start":{"line":34,"column":0},"end":{"line":34,"column":27}},"34":{"start":{"line":35,"column":0},"end":{"line":35,"column":14}},"35":{"start":{"line":36,"column":0},"end":{"line":36,"column":42}},"36":{"start":{"line":37,"column":0},"end":{"line":37,"column":6}},"37":{"start":{"line":38,"column":0},"end":{"line":38,"column":22}},"38":{"start":{"line":39,"column":0},"end":{"line":39,"column":31}},"39":{"start":{"line":40,"column":0},"end":{"line":40,"column":6}},"40":{"start":{"line":41,"column":0},"end":{"line":41,"column":5}},"43":{"start":{"line":44,"column":0},"end":{"line":44,"column":30}},"44":{"start":{"line":45,"column":0},"end":{"line":45,"column":39}},"45":{"start":{"line":46,"column":0},"end":{"line":46,"column":5}},"47":{"start":{"line":48,"column":0},"end":{"line":48,"column":48}},"49":{"start":{"line":50,"column":0},"end":{"line":50,"column":57}},"50":{"start":{"line":51,"column":0},"end":{"line":51,"column":5}},"53":{"start":{"line":54,"column":0},"end":{"line":54,"column":24}},"54":{"start":{"line":55,"column":0},"end":{"line":55,"column":32}},"55":{"start":{"line":56,"column":0},"end":{"line":56,"column":31}},"56":{"start":{"line":57,"column":0},"end":{"line":57,"column":3}},"57":{"start":{"line":58,"column":0},"end":{"line":58,"column":28}},"58":{"start":{"line":59,"column":0},"end":{"line":59,"column":34}},"59":{"start":{"line":60,"column":0},"end":{"line":60,"column":27}},"60":{"start":{"line":61,"column":0},"end":{"line":61,"column":33}},"63":{"start":{"line":64,"column":0},"end":{"line":64,"column":46}},"64":{"start":{"line":65,"column":0},"end":{"line":65,"column":47}},"65":{"start":{"line":66,"column":0},"end":{"line":66,"column":19}},"92":{"start":{"line":93,"column":0},"end":{"line":93,"column":7}},"93":{"start":{"line":94,"column":0},"end":{"line":94,"column":5}},"94":{"start":{"line":95,"column":0},"end":{"line":95,"column":48}},"95":{"start":{"line":96,"column":0},"end":{"line":96,"column":49}},"96":{"start":{"line":97,"column":0},"end":{"line":97,"column":5}},"97":{"start":{"line":98,"column":0},"end":{"line":98,"column":48}},"98":{"start":{"line":99,"column":0},"end":{"line":99,"column":55}},"99":{"start":{"line":100,"column":0},"end":{"line":100,"column":5}},"100":{"start":{"line":101,"column":0},"end":{"line":101,"column":39}},"101":{"start":{"line":102,"column":0},"end":{"line":102,"column":46}},"102":{"start":{"line":103,"column":0},"end":{"line":103,"column":5}},"105":{"start":{"line":106,"column":0},"end":{"line":106,"column":43}},"106":{"start":{"line":107,"column":0},"end":{"line":107,"column":25}},"107":{"start":{"line":108,"column":0},"end":{"line":108,"column":26}},"110":{"start":{"line":111,"column":0},"end":{"line":111,"column":60}},"111":{"start":{"line":112,"column":0},"end":{"line":112,"column":11}},"112":{"start":{"line":113,"column":0},"end":{"line":113,"column":41}},"113":{"start":{"line":114,"column":0},"end":{"line":114,"column":19}},"115":{"start":{"line":116,"column":0},"end":{"line":116,"column":41}},"116":{"start":{"line":117,"column":0},"end":{"line":117,"column":7}},"117":{"start":{"line":118,"column":0},"end":{"line":118,"column":5}},"119":{"start":{"line":120,"column":0},"end":{"line":120,"column":9}},"121":{"start":{"line":122,"column":0},"end":{"line":122,"column":60}},"123":{"start":{"line":124,"column":0},"end":{"line":124,"column":45}},"124":{"start":{"line":125,"column":0},"end":{"line":125,"column":56}},"125":{"start":{"line":126,"column":0},"end":{"line":126,"column":50}},"126":{"start":{"line":127,"column":0},"end":{"line":127,"column":9}},"128":{"start":{"line":129,"column":0},"end":{"line":129,"column":58}},"129":{"start":{"line":130,"column":0},"end":{"line":130,"column":29}},"130":{"start":{"line":131,"column":0},"end":{"line":131,"column":30}},"131":{"start":{"line":132,"column":0},"end":{"line":132,"column":77}},"132":{"start":{"line":133,"column":0},"end":{"line":133,"column":65}},"133":{"start":{"line":134,"column":0},"end":{"line":134,"column":32}},"134":{"start":{"line":135,"column":0},"end":{"line":135,"column":42}},"135":{"start":{"line":136,"column":0},"end":{"line":136,"column":89}},"136":{"start":{"line":137,"column":0},"end":{"line":137,"column":12}},"137":{"start":{"line":138,"column":0},"end":{"line":138,"column":11}},"138":{"start":{"line":139,"column":0},"end":{"line":139,"column":90}},"139":{"start":{"line":140,"column":0},"end":{"line":140,"column":9}},"142":{"start":{"line":143,"column":0},"end":{"line":143,"column":45}},"145":{"start":{"line":146,"column":0},"end":{"line":146,"column":69}},"146":{"start":{"line":147,"column":0},"end":{"line":147,"column":53}},"147":{"start":{"line":148,"column":0},"end":{"line":148,"column":45}},"148":{"start":{"line":149,"column":0},"end":{"line":149,"column":14}},"149":{"start":{"line":150,"column":0},"end":{"line":150,"column":45}},"150":{"start":{"line":151,"column":0},"end":{"line":151,"column":7}},"153":{"start":{"line":154,"column":0},"end":{"line":154,"column":34}},"154":{"start":{"line":155,"column":0},"end":{"line":155,"column":19}},"155":{"start":{"line":156,"column":0},"end":{"line":156,"column":35}},"156":{"start":{"line":157,"column":0},"end":{"line":157,"column":9}},"157":{"start":{"line":158,"column":0},"end":{"line":158,"column":69}},"158":{"start":{"line":159,"column":0},"end":{"line":159,"column":28}},"159":{"start":{"line":160,"column":0},"end":{"line":160,"column":74}},"160":{"start":{"line":161,"column":0},"end":{"line":161,"column":69}},"161":{"start":{"line":162,"column":0},"end":{"line":162,"column":10}},"162":{"start":{"line":163,"column":0},"end":{"line":163,"column":9}},"163":{"start":{"line":164,"column":0},"end":{"line":164,"column":34}},"164":{"start":{"line":165,"column":0},"end":{"line":165,"column":29}},"165":{"start":{"line":166,"column":0},"end":{"line":166,"column":82}},"166":{"start":{"line":167,"column":0},"end":{"line":167,"column":65}},"167":{"start":{"line":168,"column":0},"end":{"line":168,"column":9}},"168":{"start":{"line":169,"column":0},"end":{"line":169,"column":8}},"171":{"start":{"line":172,"column":0},"end":{"line":172,"column":57}},"172":{"start":{"line":173,"column":0},"end":{"line":173,"column":32}},"173":{"start":{"line":174,"column":0},"end":{"line":174,"column":63}},"174":{"start":{"line":175,"column":0},"end":{"line":175,"column":9}},"175":{"start":{"line":176,"column":0},"end":{"line":176,"column":26}},"176":{"start":{"line":177,"column":0},"end":{"line":177,"column":52}},"177":{"start":{"line":178,"column":0},"end":{"line":178,"column":75}},"178":{"start":{"line":179,"column":0},"end":{"line":179,"column":5}},"179":{"start":{"line":180,"column":0},"end":{"line":180,"column":5}},"182":{"start":{"line":183,"column":0},"end":{"line":183,"column":23}},"183":{"start":{"line":184,"column":0},"end":{"line":184,"column":40}},"184":{"start":{"line":185,"column":0},"end":{"line":185,"column":70}},"185":{"start":{"line":186,"column":0},"end":{"line":186,"column":7}},"186":{"start":{"line":187,"column":0},"end":{"line":187,"column":3}},"189":{"start":{"line":190,"column":0},"end":{"line":190,"column":66}},"190":{"start":{"line":191,"column":0},"end":{"line":191,"column":37}},"191":{"start":{"line":192,"column":0},"end":{"line":192,"column":35}},"192":{"start":{"line":193,"column":0},"end":{"line":193,"column":30}},"193":{"start":{"line":194,"column":0},"end":{"line":194,"column":25}},"194":{"start":{"line":195,"column":0},"end":{"line":195,"column":10}},"195":{"start":{"line":196,"column":0},"end":{"line":196,"column":34}},"196":{"start":{"line":197,"column":0},"end":{"line":197,"column":25}},"197":{"start":{"line":198,"column":0},"end":{"line":198,"column":24}},"198":{"start":{"line":199,"column":0},"end":{"line":199,"column":10}},"199":{"start":{"line":200,"column":0},"end":{"line":200,"column":22}},"200":{"start":{"line":201,"column":0},"end":{"line":201,"column":7}},"201":{"start":{"line":202,"column":0},"end":{"line":202,"column":3}},"204":{"start":{"line":205,"column":0},"end":{"line":205,"column":72}},"205":{"start":{"line":206,"column":0},"end":{"line":206,"column":25}},"206":{"start":{"line":207,"column":0},"end":{"line":207,"column":44}},"207":{"start":{"line":208,"column":0},"end":{"line":208,"column":13}},"208":{"start":{"line":209,"column":0},"end":{"line":209,"column":5}},"209":{"start":{"line":210,"column":0},"end":{"line":210,"column":16}},"210":{"start":{"line":211,"column":0},"end":{"line":211,"column":3}},"213":{"start":{"line":214,"column":0},"end":{"line":214,"column":72}},"214":{"start":{"line":215,"column":0},"end":{"line":215,"column":70}},"216":{"start":{"line":217,"column":0},"end":{"line":217,"column":49}},"217":{"start":{"line":218,"column":0},"end":{"line":218,"column":111}},"218":{"start":{"line":219,"column":0},"end":{"line":219,"column":3}},"219":{"start":{"line":220,"column":0},"end":{"line":220,"column":47}},"220":{"start":{"line":221,"column":0},"end":{"line":221,"column":109}},"221":{"start":{"line":222,"column":0},"end":{"line":222,"column":3}},"223":{"start":{"line":224,"column":0},"end":{"line":224,"column":84}},"224":{"start":{"line":225,"column":0},"end":{"line":225,"column":69}},"225":{"start":{"line":226,"column":0},"end":{"line":226,"column":91}},"227":{"start":{"line":228,"column":0},"end":{"line":228,"column":56}},"228":{"start":{"line":229,"column":0},"end":{"line":229,"column":9}},"229":{"start":{"line":230,"column":0},"end":{"line":230,"column":84}},"230":{"start":{"line":231,"column":0},"end":{"line":231,"column":51}},"231":{"start":{"line":232,"column":0},"end":{"line":232,"column":36}},"232":{"start":{"line":233,"column":0},"end":{"line":233,"column":55}},"233":{"start":{"line":234,"column":0},"end":{"line":234,"column":78}},"234":{"start":{"line":235,"column":0},"end":{"line":235,"column":9}},"236":{"start":{"line":237,"column":0},"end":{"line":237,"column":53}},"237":{"start":{"line":238,"column":0},"end":{"line":238,"column":39}},"238":{"start":{"line":239,"column":0},"end":{"line":239,"column":46}},"241":{"start":{"line":242,"column":0},"end":{"line":242,"column":62}},"242":{"start":{"line":243,"column":0},"end":{"line":243,"column":34}},"243":{"start":{"line":244,"column":0},"end":{"line":244,"column":7}},"246":{"start":{"line":247,"column":0},"end":{"line":247,"column":26}},"247":{"start":{"line":248,"column":0},"end":{"line":248,"column":49}},"248":{"start":{"line":249,"column":0},"end":{"line":249,"column":22}},"249":{"start":{"line":250,"column":0},"end":{"line":250,"column":54}},"250":{"start":{"line":251,"column":0},"end":{"line":251,"column":26}},"251":{"start":{"line":252,"column":0},"end":{"line":252,"column":27}},"252":{"start":{"line":253,"column":0},"end":{"line":253,"column":9}},"253":{"start":{"line":254,"column":0},"end":{"line":254,"column":18}},"254":{"start":{"line":255,"column":0},"end":{"line":255,"column":14}},"255":{"start":{"line":256,"column":0},"end":{"line":256,"column":18}},"256":{"start":{"line":257,"column":0},"end":{"line":257,"column":7}},"257":{"start":{"line":258,"column":0},"end":{"line":258,"column":26}},"258":{"start":{"line":259,"column":0},"end":{"line":259,"column":52}},"259":{"start":{"line":260,"column":0},"end":{"line":260,"column":27}},"260":{"start":{"line":261,"column":0},"end":{"line":261,"column":80}},"261":{"start":{"line":262,"column":0},"end":{"line":262,"column":5}},"262":{"start":{"line":263,"column":0},"end":{"line":263,"column":5}},"264":{"start":{"line":265,"column":0},"end":{"line":265,"column":55}},"265":{"start":{"line":266,"column":0},"end":{"line":266,"column":9}},"266":{"start":{"line":267,"column":0},"end":{"line":267,"column":83}},"267":{"start":{"line":268,"column":0},"end":{"line":268,"column":51}},"268":{"start":{"line":269,"column":0},"end":{"line":269,"column":36}},"269":{"start":{"line":270,"column":0},"end":{"line":270,"column":55}},"270":{"start":{"line":271,"column":0},"end":{"line":271,"column":78}},"271":{"start":{"line":272,"column":0},"end":{"line":272,"column":9}},"273":{"start":{"line":274,"column":0},"end":{"line":274,"column":52}},"274":{"start":{"line":275,"column":0},"end":{"line":275,"column":39}},"275":{"start":{"line":276,"column":0},"end":{"line":276,"column":46}},"277":{"start":{"line":278,"column":0},"end":{"line":278,"column":62}},"278":{"start":{"line":279,"column":0},"end":{"line":279,"column":34}},"279":{"start":{"line":280,"column":0},"end":{"line":280,"column":7}},"281":{"start":{"line":282,"column":0},"end":{"line":282,"column":26}},"282":{"start":{"line":283,"column":0},"end":{"line":283,"column":49}},"283":{"start":{"line":284,"column":0},"end":{"line":284,"column":22}},"284":{"start":{"line":285,"column":0},"end":{"line":285,"column":54}},"285":{"start":{"line":286,"column":0},"end":{"line":286,"column":26}},"286":{"start":{"line":287,"column":0},"end":{"line":287,"column":27}},"287":{"start":{"line":288,"column":0},"end":{"line":288,"column":9}},"288":{"start":{"line":289,"column":0},"end":{"line":289,"column":7}},"289":{"start":{"line":290,"column":0},"end":{"line":290,"column":16}},"290":{"start":{"line":291,"column":0},"end":{"line":291,"column":26}},"291":{"start":{"line":292,"column":0},"end":{"line":292,"column":60}},"292":{"start":{"line":293,"column":0},"end":{"line":293,"column":27}},"293":{"start":{"line":294,"column":0},"end":{"line":294,"column":88}},"294":{"start":{"line":295,"column":0},"end":{"line":295,"column":5}},"295":{"start":{"line":296,"column":0},"end":{"line":296,"column":5}},"297":{"start":{"line":298,"column":0},"end":{"line":298,"column":48}},"298":{"start":{"line":299,"column":0},"end":{"line":299,"column":38}},"299":{"start":{"line":300,"column":0},"end":{"line":300,"column":61}},"300":{"start":{"line":301,"column":0},"end":{"line":301,"column":87}},"301":{"start":{"line":302,"column":0},"end":{"line":302,"column":16}},"302":{"start":{"line":303,"column":0},"end":{"line":303,"column":7}},"303":{"start":{"line":304,"column":0},"end":{"line":304,"column":5}},"305":{"start":{"line":306,"column":0},"end":{"line":306,"column":48}},"306":{"start":{"line":307,"column":0},"end":{"line":307,"column":37}},"307":{"start":{"line":308,"column":0},"end":{"line":308,"column":59}},"308":{"start":{"line":309,"column":0},"end":{"line":309,"column":94}},"309":{"start":{"line":310,"column":0},"end":{"line":310,"column":16}},"310":{"start":{"line":311,"column":0},"end":{"line":311,"column":7}},"311":{"start":{"line":312,"column":0},"end":{"line":312,"column":5}},"314":{"start":{"line":315,"column":0},"end":{"line":315,"column":60}},"315":{"start":{"line":316,"column":0},"end":{"line":316,"column":50}},"316":{"start":{"line":317,"column":0},"end":{"line":317,"column":75}},"317":{"start":{"line":318,"column":0},"end":{"line":318,"column":57}},"318":{"start":{"line":319,"column":0},"end":{"line":319,"column":51}},"319":{"start":{"line":320,"column":0},"end":{"line":320,"column":89}},"320":{"start":{"line":321,"column":0},"end":{"line":321,"column":45}},"321":{"start":{"line":322,"column":0},"end":{"line":322,"column":85}},"322":{"start":{"line":323,"column":0},"end":{"line":323,"column":96}},"323":{"start":{"line":324,"column":0},"end":{"line":324,"column":96}},"324":{"start":{"line":325,"column":0},"end":{"line":325,"column":59}},"326":{"start":{"line":327,"column":0},"end":{"line":327,"column":37}},"327":{"start":{"line":328,"column":0},"end":{"line":328,"column":1}}},"s":{"1":0,"2":0,"3":0,"4":0,"5":0,"7":0,"8":0,"9":0,"10":0,"20":0,"22":0,"25":0,"26":0,"29":0,"30":0,"31":0,"32":0,"33":0,"34":0,"35":0,"36":0,"37":0,"38":0,"39":0,"40":0,"43":0,"44":0,"45":0,"47":0,"49":0,"50":0,"53":0,"54":0,"55":0,"56":0,"57":0,"58":0,"59":0,"60":0,"63":0,"64":0,"65":0,"92":0,"93":0,"94":0,"95":0,"96":0,"97":0,"98":0,"99":0,"100":0,"101":0,"102":0,"105":0,"106":0,"107":0,"110":0,"111":0,"112":0,"113":0,"115":0,"116":0,"117":0,"119":0,"121":0,"123":0,"124":0,"125":0,"126":0,"128":0,"129":0,"130":0,"131":0,"132":0,"133":0,"134":0,"135":0,"136":0,"137":0,"138":0,"139":0,"142":0,"145":0,"146":0,"147":0,"148":0,"149":0,"150":0,"153":0,"154":0,"155":0,"156":0,"157":0,"158":0,"159":0,"160":0,"161":0,"162":0,"163":0,"164":0,"165":0,"166":0,"167":0,"168":0,"171":0,"172":0,"173":0,"174":0,"175":0,"176":0,"177":0,"178":0,"179":0,"182":0,"183":0,"184":0,"185":0,"186":0,"189":0,"190":0,"191":0,"192":0,"193":0,"194":0,"195":0,"196":0,"197":0,"198":0,"199":0,"200":0,"201":0,"204":0,"205":0,"206":0,"207":0,"208":0,"209":0,"210":0,"213":0,"214":0,"216":0,"217":0,"218":0,"219":0,"220":0,"221":0,"223":0,"224":0,"225":0,"227":0,"228":0,"229":0,"230":0,"231":0,"232":0,"233":0,"234":0,"236":0,"237":0,"238":0,"241":0,"242":0,"243":0,"246":0,"247":0,"248":0,"249":0,"250":0,"251":0,"252":0,"253":0,"254":0,"255":0,"256":0,"257":0,"258":0,"259":0,"260":0,"261":0,"262":0,"264":0,"265":0,"266":0,"267":0,"268":0,"269":0,"270":0,"271":0,"273":0,"274":0,"275":0,"277":0,"278":0,"279":0,"281":0,"282":0,"283":0,"284":0,"285":0,"286":0,"287":0,"288":0,"289":0,"290":0,"291":0,"292":0,"293":0,"294":0,"295":0,"297":0,"298":0,"299":0,"300":0,"301":0,"302":0,"303":0,"305":0,"306":0,"307":0,"308":0,"309":0,"310":0,"311":0,"314":0,"315":0,"316":0,"317":0,"318":0,"319":0,"320":0,"321":0,"322":0,"323":0,"324":0,"326":0,"327":0},"branchMap":{"0":{"type":"branch","line":1,"loc":{"start":{"line":1,"column":43},"end":{"line":328,"column":-14}},"locations":[{"start":{"line":1,"column":43},"end":{"line":328,"column":-14}}]}},"b":{"0":[1]},"fnMap":{"0":{"name":"(empty-report)","decl":{"start":{"line":1,"column":43},"end":{"line":328,"column":-14}},"loc":{"start":{"line":1,"column":43},"end":{"line":328,"column":-14}},"line":1}},"f":{"0":1}}
,"/root/GitHub/arbiter/src/middleware/apiDocGenerator.ts": {"path":"/root/GitHub/arbiter/src/middleware/apiDocGenerator.ts","all":true,"statementMap":{"1":{"start":{"line":2,"column":0},"end":{"line":2,"column":56}},"3":{"start":{"line":4,"column":0},"end":{"line":4,"column":81}},"4":{"start":{"line":5,"column":0},"end":{"line":5,"column":15}},"7":{"start":{"line":8,"column":0},"end":{"line":8,"column":30}},"8":{"start":{"line":9,"column":0},"end":{"line":9,"column":15}},"9":{"start":{"line":10,"column":0},"end":{"line":10,"column":31}},"10":{"start":{"line":11,"column":0},"end":{"line":11,"column":5}},"11":{"start":{"line":12,"column":0},"end":{"line":12,"column":65}},"12":{"start":{"line":13,"column":0},"end":{"line":13,"column":49}},"13":{"start":{"line":14,"column":0},"end":{"line":14,"column":70}},"14":{"start":{"line":15,"column":0},"end":{"line":15,"column":6}},"15":{"start":{"line":16,"column":0},"end":{"line":16,"column":5}},"16":{"start":{"line":17,"column":0},"end":{"line":17,"column":27}},"17":{"start":{"line":18,"column":0},"end":{"line":18,"column":57}},"18":{"start":{"line":19,"column":0},"end":{"line":19,"column":75}},"19":{"start":{"line":20,"column":0},"end":{"line":20,"column":5}},"20":{"start":{"line":21,"column":0},"end":{"line":21,"column":4}},"21":{"start":{"line":22,"column":0},"end":{"line":22,"column":2}}},"s":{"1":0,"3":0,"4":0,"7":0,"8":0,"9":0,"10":0,"11":0,"12":0,"13":0,"14":0,"15":0,"16":0,"17":0,"18":0,"19":0,"20":0,"21":0},"branchMap":{"0":{"type":"branch","line":1,"loc":{"start":{"line":1,"column":692},"end":{"line":22,"column":2}},"locations":[{"start":{"line":1,"column":692},"end":{"line":22,"column":2}}]}},"b":{"0":[1]},"fnMap":{"0":{"name":"(empty-report)","decl":{"start":{"line":1,"column":692},"end":{"line":22,"column":2}},"loc":{"start":{"line":1,"column":692},"end":{"line":22,"column":2}},"line":1}},"f":{"0":1}}
,"/root/GitHub/arbiter/src/middleware/harRecorder.ts": {"path":"/root/GitHub/arbiter/src/middleware/harRecorder.ts","all":false,"statementMap":{"1":{"start":{"line":2,"column":0},"end":{"line":2,"column":56}},"30":{"start":{"line":31,"column":0},"end":{"line":31,"column":59}},"31":{"start":{"line":32,"column":0},"end":{"line":32,"column":31}},"34":{"start":{"line":35,"column":0},"end":{"line":35,"column":23}},"35":{"start":{"line":36,"column":0},"end":{"line":36,"column":58}},"36":{"start":{"line":37,"column":0},"end":{"line":37,"column":9}},"37":{"start":{"line":38,"column":0},"end":{"line":38,"column":39}},"38":{"start":{"line":39,"column":0},"end":{"line":39,"column":17}},"40":{"start":{"line":41,"column":0},"end":{"line":41,"column":39}},"41":{"start":{"line":42,"column":0},"end":{"line":42,"column":5}},"42":{"start":{"line":43,"column":0},"end":{"line":43,"column":3}},"45":{"start":{"line":46,"column":0},"end":{"line":46,"column":33}},"46":{"start":{"line":47,"column":0},"end":{"line":47,"column":49}},"47":{"start":{"line":48,"column":0},"end":{"line":48,"column":58}},"48":{"start":{"line":49,"column":0},"end":{"line":49,"column":29}},"49":{"start":{"line":50,"column":0},"end":{"line":50,"column":3}},"52":{"start":{"line":53,"column":0},"end":{"line":53,"column":52}},"53":{"start":{"line":54,"column":0},"end":{"line":54,"column":60}},"54":{"start":{"line":55,"column":0},"end":{"line":55,"column":36}},"55":{"start":{"line":56,"column":0},"end":{"line":56,"column":34}},"56":{"start":{"line":57,"column":0},"end":{"line":57,"column":5}},"57":{"start":{"line":58,"column":0},"end":{"line":58,"column":5}},"60":{"start":{"line":61,"column":0},"end":{"line":61,"column":15}},"63":{"start":{"line":64,"column":0},"end":{"line":64,"column":46}},"66":{"start":{"line":67,"column":0},"end":{"line":67,"column":24}},"67":{"start":{"line":68,"column":0},"end":{"line":68,"column":7}},"68":{"start":{"line":69,"column":0},"end":{"line":69,"column":46}},"69":{"start":{"line":70,"column":0},"end":{"line":70,"column":15}},"70":{"start":{"line":71,"column":0},"end":{"line":71,"column":46}},"71":{"start":{"line":72,"column":0},"end":{"line":72,"column":3}},"74":{"start":{"line":75,"column":0},"end":{"line":75,"column":30}},"75":{"start":{"line":76,"column":0},"end":{"line":76,"column":15}},"76":{"start":{"line":77,"column":0},"end":{"line":77,"column":31}},"77":{"start":{"line":78,"column":0},"end":{"line":78,"column":5}},"78":{"start":{"line":79,"column":0},"end":{"line":79,"column":25}},"79":{"start":{"line":80,"column":0},"end":{"line":80,"column":24}},"80":{"start":{"line":81,"column":0},"end":{"line":81,"column":70}},"81":{"start":{"line":82,"column":0},"end":{"line":82,"column":29}},"82":{"start":{"line":83,"column":0},"end":{"line":83,"column":6}},"83":{"start":{"line":84,"column":0},"end":{"line":84,"column":5}},"84":{"start":{"line":85,"column":0},"end":{"line":85,"column":27}},"85":{"start":{"line":86,"column":0},"end":{"line":86,"column":25}},"86":{"start":{"line":87,"column":0},"end":{"line":87,"column":75}},"87":{"start":{"line":88,"column":0},"end":{"line":88,"column":58}},"88":{"start":{"line":89,"column":0},"end":{"line":89,"column":5}},"89":{"start":{"line":90,"column":0},"end":{"line":90,"column":4}},"92":{"start":{"line":93,"column":0},"end":{"line":93,"column":43}},"93":{"start":{"line":94,"column":0},"end":{"line":94,"column":1}}},"s":{"1":1,"30":4,"31":4,"34":4,"35":4,"36":0,"37":0,"38":0,"40":0,"41":0,"42":0,"45":4,"46":4,"47":4,"48":2,"49":2,"52":4,"53":4,"54":8,"55":8,"56":8,"57":4,"60":4,"63":4,"66":4,"67":4,"68":4,"69":4,"70":0,"71":0,"74":4,"75":4,"76":4,"77":4,"78":4,"79":4,"80":4,"81":4,"82":4,"83":4,"84":4,"85":4,"86":4,"87":4,"88":4,"89":4,"92":4,"93":4},"branchMap":{"0":{"type":"branch","line":31,"loc":{"start":{"line":31,"column":0},"end":{"line":94,"column":1}},"locations":[{"start":{"line":31,"column":0},"end":{"line":94,"column":1}}]},"1":{"type":"branch","line":36,"loc":{"start":{"line":36,"column":23},"end":{"line":36,"column":57}},"locations":[{"start":{"line":36,"column":23},"end":{"line":36,"column":57}}]},"2":{"type":"branch","line":36,"loc":{"start":{"line":36,"column":57},"end":{"line":43,"column":3}},"locations":[{"start":{"line":36,"column":57},"end":{"line":43,"column":3}}]},"3":{"type":"branch","line":48,"loc":{"start":{"line":48,"column":57},"end":{"line":50,"column":3}},"locations":[{"start":{"line":48,"column":57},"end":{"line":50,"column":3}}]},"4":{"type":"branch","line":70,"loc":{"start":{"line":70,"column":2},"end":{"line":72,"column":3}},"locations":[{"start":{"line":70,"column":2},"end":{"line":72,"column":3}}]},"5":{"type":"branch","line":81,"loc":{"start":{"line":81,"column":46},"end":{"line":81,"column":70}},"locations":[{"start":{"line":81,"column":46},"end":{"line":81,"column":70}}]},"6":{"type":"branch","line":87,"loc":{"start":{"line":87,"column":51},"end":{"line":87,"column":75}},"locations":[{"start":{"line":87,"column":51},"end":{"line":87,"column":75}}]},"7":{"type":"branch","line":54,"loc":{"start":{"line":54,"column":41},"end":{"line":58,"column":3}},"locations":[{"start":{"line":54,"column":41},"end":{"line":58,"column":3}}]}},"b":{"0":[4],"1":[0],"2":[0],"3":[2],"4":[0],"5":[0],"6":[0],"7":[8]},"fnMap":{"0":{"name":"harRecorder","decl":{"start":{"line":31,"column":0},"end":{"line":94,"column":1}},"loc":{"start":{"line":31,"column":0},"end":{"line":94,"column":1}},"line":31}},"f":{"0":4}}
,"/root/GitHub/arbiter/src/store/openApiStore.ts": {"path":"/root/GitHub/arbiter/src/store/openApiStore.ts","all":false,"statementMap":{"0":{"start":{"line":1,"column":0},"end":{"line":1,"column":20}},"1":{"start":{"line":2,"column":0},"end":{"line":2,"column":24}},"2":{"start":{"line":3,"column":0},"end":{"line":3,"column":33}},"96":{"start":{"line":97,"column":0},"end":{"line":97,"column":20}},"97":{"start":{"line":98,"column":0},"end":{"line":98,"column":47}},"98":{"start":{"line":99,"column":0},"end":{"line":99,"column":33}},"99":{"start":{"line":100,"column":0},"end":{"line":100,"column":28}},"100":{"start":{"line":101,"column":0},"end":{"line":101,"column":36}},"101":{"start":{"line":102,"column":0},"end":{"line":102,"column":63}},"102":{"start":{"line":103,"column":0},"end":{"line":103,"column":73}},"104":{"start":{"line":105,"column":0},"end":{"line":105,"column":60}},"105":{"start":{"line":106,"column":0},"end":{"line":106,"column":31}},"106":{"start":{"line":107,"column":0},"end":{"line":107,"column":25}},"107":{"start":{"line":108,"column":0},"end":{"line":108,"column":31}},"108":{"start":{"line":109,"column":0},"end":{"line":109,"column":30}},"109":{"start":{"line":110,"column":0},"end":{"line":110,"column":33}},"110":{"start":{"line":111,"column":0},"end":{"line":111,"column":37}},"111":{"start":{"line":112,"column":0},"end":{"line":112,"column":3}},"113":{"start":{"line":114,"column":0},"end":{"line":114,"column":42}},"114":{"start":{"line":115,"column":0},"end":{"line":115,"column":25}},"115":{"start":{"line":116,"column":0},"end":{"line":116,"column":3}},"117":{"start":{"line":118,"column":0},"end":{"line":118,"column":24}},"118":{"start":{"line":119,"column":0},"end":{"line":119,"column":27}},"119":{"start":{"line":120,"column":0},"end":{"line":120,"column":25}},"120":{"start":{"line":121,"column":0},"end":{"line":121,"column":26}},"121":{"start":{"line":122,"column":0},"end":{"line":122,"column":3}},"123":{"start":{"line":124,"column":0},"end":{"line":124,"column":91}},"124":{"start":{"line":125,"column":0},"end":{"line":125,"column":56}},"125":{"start":{"line":126,"column":0},"end":{"line":126,"column":48}},"128":{"start":{"line":129,"column":0},"end":{"line":129,"column":50}},"129":{"start":{"line":130,"column":0},"end":{"line":130,"column":76}},"130":{"start":{"line":131,"column":0},"end":{"line":131,"column":42}},"132":{"start":{"line":133,"column":0},"end":{"line":133,"column":33}},"133":{"start":{"line":134,"column":0},"end":{"line":134,"column":32}},"134":{"start":{"line":135,"column":0},"end":{"line":135,"column":71}},"135":{"start":{"line":136,"column":0},"end":{"line":136,"column":41}},"136":{"start":{"line":137,"column":0},"end":{"line":137,"column":44}},"137":{"start":{"line":138,"column":0},"end":{"line":138,"column":20}},"139":{"start":{"line":140,"column":0},"end":{"line":140,"column":92}},"140":{"start":{"line":141,"column":0},"end":{"line":141,"column":13}},"141":{"start":{"line":142,"column":0},"end":{"line":142,"column":13}},"142":{"start":{"line":143,"column":0},"end":{"line":143,"column":9}},"143":{"start":{"line":144,"column":0},"end":{"line":144,"column":9}},"145":{"start":{"line":146,"column":0},"end":{"line":146,"column":14}},"146":{"start":{"line":147,"column":0},"end":{"line":147,"column":23}},"147":{"start":{"line":148,"column":0},"end":{"line":148,"column":37}},"148":{"start":{"line":149,"column":0},"end":{"line":149,"column":61}},"149":{"start":{"line":150,"column":0},"end":{"line":150,"column":8}},"150":{"start":{"line":151,"column":0},"end":{"line":151,"column":5}},"153":{"start":{"line":154,"column":0},"end":{"line":154,"column":12}},"154":{"start":{"line":155,"column":0},"end":{"line":155,"column":21}},"155":{"start":{"line":156,"column":0},"end":{"line":156,"column":20}},"156":{"start":{"line":157,"column":0},"end":{"line":157,"column":6}},"157":{"start":{"line":158,"column":0},"end":{"line":158,"column":3}},"159":{"start":{"line":160,"column":0},"end":{"line":160,"column":66}},"160":{"start":{"line":161,"column":0},"end":{"line":161,"column":46}},"161":{"start":{"line":162,"column":0},"end":{"line":162,"column":29}},"162":{"start":{"line":163,"column":0},"end":{"line":163,"column":80}},"165":{"start":{"line":166,"column":0},"end":{"line":166,"column":73}},"168":{"start":{"line":169,"column":0},"end":{"line":169,"column":89}},"169":{"start":{"line":170,"column":0},"end":{"line":170,"column":16}},"170":{"start":{"line":171,"column":0},"end":{"line":171,"column":24}},"171":{"start":{"line":172,"column":0},"end":{"line":172,"column":32}},"172":{"start":{"line":173,"column":0},"end":{"line":173,"column":22}},"173":{"start":{"line":174,"column":0},"end":{"line":174,"column":10}},"174":{"start":{"line":175,"column":0},"end":{"line":175,"column":7}},"177":{"start":{"line":178,"column":0},"end":{"line":178,"column":14}},"178":{"start":{"line":179,"column":0},"end":{"line":179,"column":22}},"179":{"start":{"line":180,"column":0},"end":{"line":180,"column":16}},"180":{"start":{"line":181,"column":0},"end":{"line":181,"column":25}},"181":{"start":{"line":182,"column":0},"end":{"line":182,"column":28}},"182":{"start":{"line":183,"column":0},"end":{"line":183,"column":10}},"183":{"start":{"line":184,"column":0},"end":{"line":184,"column":20}},"184":{"start":{"line":185,"column":0},"end":{"line":185,"column":8}},"185":{"start":{"line":186,"column":0},"end":{"line":186,"column":5}},"187":{"start":{"line":188,"column":0},"end":{"line":188,"column":34}},"188":{"start":{"line":189,"column":0},"end":{"line":189,"column":70}},"189":{"start":{"line":190,"column":0},"end":{"line":190,"column":55}},"190":{"start":{"line":191,"column":0},"end":{"line":191,"column":57}},"191":{"start":{"line":192,"column":0},"end":{"line":192,"column":7}},"192":{"start":{"line":193,"column":0},"end":{"line":193,"column":14}},"193":{"start":{"line":194,"column":0},"end":{"line":194,"column":23}},"194":{"start":{"line":195,"column":0},"end":{"line":195,"column":19}},"195":{"start":{"line":196,"column":0},"end":{"line":196,"column":20}},"196":{"start":{"line":197,"column":0},"end":{"line":197,"column":8}},"197":{"start":{"line":198,"column":0},"end":{"line":198,"column":5}},"200":{"start":{"line":201,"column":0},"end":{"line":201,"column":75}},"201":{"start":{"line":202,"column":0},"end":{"line":202,"column":25}},"202":{"start":{"line":203,"column":0},"end":{"line":203,"column":25}},"203":{"start":{"line":204,"column":0},"end":{"line":204,"column":27}},"204":{"start":{"line":205,"column":0},"end":{"line":205,"column":26}},"205":{"start":{"line":206,"column":0},"end":{"line":206,"column":25}},"206":{"start":{"line":207,"column":0},"end":{"line":207,"column":28}},"207":{"start":{"line":208,"column":0},"end":{"line":208,"column":26}},"208":{"start":{"line":209,"column":0},"end":{"line":209,"column":6}},"210":{"start":{"line":211,"column":0},"end":{"line":211,"column":13}},"211":{"start":{"line":212,"column":0},"end":{"line":212,"column":44}},"212":{"start":{"line":213,"column":0},"end":{"line":213,"column":18}},"213":{"start":{"line":214,"column":0},"end":{"line":214,"column":6}},"214":{"start":{"line":215,"column":0},"end":{"line":215,"column":3}},"216":{"start":{"line":217,"column":0},"end":{"line":217,"column":25}},"217":{"start":{"line":218,"column":0},"end":{"line":218,"column":17}},"218":{"start":{"line":219,"column":0},"end":{"line":219,"column":19}},"219":{"start":{"line":220,"column":0},"end":{"line":220,"column":25}},"220":{"start":{"line":221,"column":0},"end":{"line":221,"column":26}},"221":{"start":{"line":222,"column":0},"end":{"line":222,"column":11}},"222":{"start":{"line":223,"column":0},"end":{"line":223,"column":27}},"223":{"start":{"line":224,"column":0},"end":{"line":224,"column":29}},"224":{"start":{"line":225,"column":0},"end":{"line":225,"column":41}},"225":{"start":{"line":226,"column":0},"end":{"line":226,"column":14}},"226":{"start":{"line":227,"column":0},"end":{"line":227,"column":16}},"227":{"start":{"line":228,"column":0},"end":{"line":228,"column":37}},"228":{"start":{"line":229,"column":0},"end":{"line":229,"column":83}},"229":{"start":{"line":230,"column":0},"end":{"line":230,"column":32}},"230":{"start":{"line":231,"column":0},"end":{"line":231,"column":54}},"231":{"start":{"line":232,"column":0},"end":{"line":232,"column":37}},"232":{"start":{"line":233,"column":0},"end":{"line":233,"column":63}},"233":{"start":{"line":234,"column":0},"end":{"line":234,"column":60}},"234":{"start":{"line":235,"column":0},"end":{"line":235,"column":14}},"235":{"start":{"line":236,"column":0},"end":{"line":236,"column":56}},"236":{"start":{"line":237,"column":0},"end":{"line":237,"column":37}},"237":{"start":{"line":238,"column":0},"end":{"line":238,"column":18}},"238":{"start":{"line":239,"column":0},"end":{"line":239,"column":60}},"239":{"start":{"line":240,"column":0},"end":{"line":240,"column":14}},"240":{"start":{"line":241,"column":0},"end":{"line":241,"column":34}},"241":{"start":{"line":242,"column":0},"end":{"line":242,"column":40}},"242":{"start":{"line":243,"column":0},"end":{"line":243,"column":44}},"243":{"start":{"line":244,"column":0},"end":{"line":244,"column":21}},"244":{"start":{"line":245,"column":0},"end":{"line":245,"column":8}},"245":{"start":{"line":246,"column":0},"end":{"line":246,"column":17}},"246":{"start":{"line":247,"column":0},"end":{"line":247,"column":32}},"247":{"start":{"line":248,"column":0},"end":{"line":248,"column":61}},"248":{"start":{"line":249,"column":0},"end":{"line":249,"column":32}},"249":{"start":{"line":250,"column":0},"end":{"line":250,"column":55}},"250":{"start":{"line":251,"column":0},"end":{"line":251,"column":37}},"251":{"start":{"line":252,"column":0},"end":{"line":252,"column":63}},"252":{"start":{"line":253,"column":0},"end":{"line":253,"column":60}},"253":{"start":{"line":254,"column":0},"end":{"line":254,"column":14}},"254":{"start":{"line":255,"column":0},"end":{"line":255,"column":18}},"255":{"start":{"line":256,"column":0},"end":{"line":256,"column":73}},"256":{"start":{"line":257,"column":0},"end":{"line":257,"column":63}},"257":{"start":{"line":258,"column":0},"end":{"line":258,"column":66}},"258":{"start":{"line":259,"column":0},"end":{"line":259,"column":9}},"259":{"start":{"line":260,"column":0},"end":{"line":260,"column":7}},"260":{"start":{"line":261,"column":0},"end":{"line":261,"column":6}},"262":{"start":{"line":263,"column":0},"end":{"line":263,"column":32}},"263":{"start":{"line":264,"column":0},"end":{"line":264,"column":3}},"265":{"start":{"line":266,"column":0},"end":{"line":266,"column":67}},"266":{"start":{"line":267,"column":0},"end":{"line":267,"column":52}},"267":{"start":{"line":268,"column":0},"end":{"line":268,"column":16}},"268":{"start":{"line":269,"column":0},"end":{"line":269,"column":5}},"269":{"start":{"line":270,"column":0},"end":{"line":270,"column":41}},"270":{"start":{"line":271,"column":0},"end":{"line":271,"column":53}},"271":{"start":{"line":272,"column":0},"end":{"line":272,"column":32}},"272":{"start":{"line":273,"column":0},"end":{"line":273,"column":7}},"273":{"start":{"line":274,"column":0},"end":{"line":274,"column":35}},"274":{"start":{"line":275,"column":0},"end":{"line":275,"column":3}},"276":{"start":{"line":277,"column":0},"end":{"line":277,"column":61}},"278":{"start":{"line":279,"column":0},"end":{"line":279,"column":43}},"279":{"start":{"line":280,"column":0},"end":{"line":280,"column":49}},"281":{"start":{"line":282,"column":0},"end":{"line":282,"column":28}},"282":{"start":{"line":283,"column":0},"end":{"line":283,"column":20}},"283":{"start":{"line":284,"column":0},"end":{"line":284,"column":18}},"284":{"start":{"line":285,"column":0},"end":{"line":285,"column":25}},"285":{"start":{"line":286,"column":0},"end":{"line":286,"column":45}},"286":{"start":{"line":287,"column":0},"end":{"line":287,"column":37}},"287":{"start":{"line":288,"column":0},"end":{"line":288,"column":10}},"288":{"start":{"line":289,"column":0},"end":{"line":289,"column":14}},"290":{"start":{"line":291,"column":0},"end":{"line":291,"column":20}},"291":{"start":{"line":292,"column":0},"end":{"line":292,"column":18}},"292":{"start":{"line":293,"column":0},"end":{"line":293,"column":25}},"293":{"start":{"line":294,"column":0},"end":{"line":294,"column":36}},"294":{"start":{"line":295,"column":0},"end":{"line":295,"column":23}},"295":{"start":{"line":296,"column":0},"end":{"line":296,"column":70}},"296":{"start":{"line":297,"column":0},"end":{"line":297,"column":23}},"297":{"start":{"line":298,"column":0},"end":{"line":298,"column":38}},"298":{"start":{"line":299,"column":0},"end":{"line":299,"column":39}},"299":{"start":{"line":300,"column":0},"end":{"line":300,"column":15}},"300":{"start":{"line":301,"column":0},"end":{"line":301,"column":13}},"301":{"start":{"line":302,"column":0},"end":{"line":302,"column":11}},"302":{"start":{"line":303,"column":0},"end":{"line":303,"column":10}},"303":{"start":{"line":304,"column":0},"end":{"line":304,"column":14}},"305":{"start":{"line":306,"column":0},"end":{"line":306,"column":18}},"306":{"start":{"line":307,"column":0},"end":{"line":307,"column":18}},"307":{"start":{"line":308,"column":0},"end":{"line":308,"column":23}},"308":{"start":{"line":309,"column":0},"end":{"line":309,"column":45}},"309":{"start":{"line":310,"column":0},"end":{"line":310,"column":10}},"310":{"start":{"line":311,"column":0},"end":{"line":311,"column":14}},"312":{"start":{"line":313,"column":0},"end":{"line":313,"column":27}},"313":{"start":{"line":314,"column":0},"end":{"line":314,"column":18}},"314":{"start":{"line":315,"column":0},"end":{"line":315,"column":32}},"315":{"start":{"line":316,"column":0},"end":{"line":316,"column":111}},"316":{"start":{"line":317,"column":0},"end":{"line":317,"column":10}},"317":{"start":{"line":318,"column":0},"end":{"line":318,"column":14}},"319":{"start":{"line":320,"column":0},"end":{"line":320,"column":14}},"320":{"start":{"line":321,"column":0},"end":{"line":321,"column":71}},"321":{"start":{"line":322,"column":0},"end":{"line":322,"column":5}},"323":{"start":{"line":324,"column":0},"end":{"line":324,"column":49}},"324":{"start":{"line":325,"column":0},"end":{"line":325,"column":22}},"325":{"start":{"line":326,"column":0},"end":{"line":326,"column":3}},"327":{"start":{"line":328,"column":0},"end":{"line":328,"column":24}},"328":{"start":{"line":329,"column":0},"end":{"line":329,"column":17}},"329":{"start":{"line":330,"column":0},"end":{"line":330,"column":19}},"330":{"start":{"line":331,"column":0},"end":{"line":331,"column":25}},"331":{"start":{"line":332,"column":0},"end":{"line":332,"column":26}},"332":{"start":{"line":333,"column":0},"end":{"line":333,"column":11}},"333":{"start":{"line":334,"column":0},"end":{"line":334,"column":36}},"334":{"start":{"line":335,"column":0},"end":{"line":335,"column":63}},"335":{"start":{"line":336,"column":0},"end":{"line":336,"column":11}},"336":{"start":{"line":337,"column":0},"end":{"line":337,"column":13}},"337":{"start":{"line":338,"column":0},"end":{"line":338,"column":20}},"338":{"start":{"line":339,"column":0},"end":{"line":339,"column":21}},"339":{"start":{"line":340,"column":0},"end":{"line":340,"column":65}},"340":{"start":{"line":341,"column":0},"end":{"line":341,"column":24}},"341":{"start":{"line":342,"column":0},"end":{"line":342,"column":19}},"342":{"start":{"line":343,"column":0},"end":{"line":343,"column":7}},"343":{"start":{"line":344,"column":0},"end":{"line":344,"column":6}},"346":{"start":{"line":347,"column":0},"end":{"line":347,"column":27}},"347":{"start":{"line":348,"column":0},"end":{"line":348,"column":60}},"348":{"start":{"line":349,"column":0},"end":{"line":349,"column":60}},"349":{"start":{"line":350,"column":0},"end":{"line":350,"column":63}},"350":{"start":{"line":351,"column":0},"end":{"line":351,"column":9}},"351":{"start":{"line":352,"column":0},"end":{"line":352,"column":5}},"354":{"start":{"line":355,"column":0},"end":{"line":355,"column":56}},"357":{"start":{"line":358,"column":0},"end":{"line":358,"column":51}},"358":{"start":{"line":359,"column":0},"end":{"line":359,"column":33}},"359":{"start":{"line":360,"column":0},"end":{"line":360,"column":39}},"360":{"start":{"line":361,"column":0},"end":{"line":361,"column":65}},"361":{"start":{"line":362,"column":0},"end":{"line":362,"column":34}},"362":{"start":{"line":363,"column":0},"end":{"line":363,"column":26}},"363":{"start":{"line":364,"column":0},"end":{"line":364,"column":21}},"364":{"start":{"line":365,"column":0},"end":{"line":365,"column":25}},"365":{"start":{"line":366,"column":0},"end":{"line":366,"column":19}},"366":{"start":{"line":367,"column":0},"end":{"line":367,"column":27}},"367":{"start":{"line":368,"column":0},"end":{"line":368,"column":70}},"368":{"start":{"line":369,"column":0},"end":{"line":369,"column":11}},"369":{"start":{"line":370,"column":0},"end":{"line":370,"column":11}},"370":{"start":{"line":371,"column":0},"end":{"line":371,"column":7}},"371":{"start":{"line":372,"column":0},"end":{"line":372,"column":7}},"374":{"start":{"line":375,"column":0},"end":{"line":375,"column":61}},"375":{"start":{"line":376,"column":0},"end":{"line":376,"column":59}},"376":{"start":{"line":377,"column":0},"end":{"line":377,"column":34}},"377":{"start":{"line":378,"column":0},"end":{"line":378,"column":20}},"378":{"start":{"line":379,"column":0},"end":{"line":379,"column":22}},"379":{"start":{"line":380,"column":0},"end":{"line":380,"column":26}},"380":{"start":{"line":381,"column":0},"end":{"line":381,"column":19}},"381":{"start":{"line":382,"column":0},"end":{"line":382,"column":27}},"382":{"start":{"line":383,"column":0},"end":{"line":383,"column":26}},"383":{"start":{"line":384,"column":0},"end":{"line":384,"column":11}},"384":{"start":{"line":385,"column":0},"end":{"line":385,"column":11}},"385":{"start":{"line":386,"column":0},"end":{"line":386,"column":7}},"386":{"start":{"line":387,"column":0},"end":{"line":387,"column":7}},"389":{"start":{"line":390,"column":0},"end":{"line":390,"column":26}},"390":{"start":{"line":391,"column":0},"end":{"line":391,"column":66}},"391":{"start":{"line":392,"column":0},"end":{"line":392,"column":62}},"392":{"start":{"line":393,"column":0},"end":{"line":393,"column":36}},"393":{"start":{"line":394,"column":0},"end":{"line":394,"column":23}},"394":{"start":{"line":395,"column":0},"end":{"line":395,"column":25}},"395":{"start":{"line":396,"column":0},"end":{"line":396,"column":28}},"396":{"start":{"line":397,"column":0},"end":{"line":397,"column":21}},"397":{"start":{"line":398,"column":0},"end":{"line":398,"column":29}},"398":{"start":{"line":399,"column":0},"end":{"line":399,"column":28}},"399":{"start":{"line":400,"column":0},"end":{"line":400,"column":13}},"400":{"start":{"line":401,"column":0},"end":{"line":401,"column":13}},"401":{"start":{"line":402,"column":0},"end":{"line":402,"column":9}},"402":{"start":{"line":403,"column":0},"end":{"line":403,"column":9}},"403":{"start":{"line":404,"column":0},"end":{"line":404,"column":5}},"406":{"start":{"line":407,"column":0},"end":{"line":407,"column":57}},"407":{"start":{"line":408,"column":0},"end":{"line":408,"column":68}},"408":{"start":{"line":409,"column":0},"end":{"line":409,"column":79}},"409":{"start":{"line":410,"column":0},"end":{"line":410,"column":61}},"410":{"start":{"line":411,"column":0},"end":{"line":411,"column":53}},"411":{"start":{"line":412,"column":0},"end":{"line":412,"column":16}},"412":{"start":{"line":413,"column":0},"end":{"line":413,"column":10}},"413":{"start":{"line":414,"column":0},"end":{"line":414,"column":7}},"414":{"start":{"line":415,"column":0},"end":{"line":415,"column":5}},"417":{"start":{"line":418,"column":0},"end":{"line":418,"column":75}},"420":{"start":{"line":421,"column":0},"end":{"line":421,"column":47}},"421":{"start":{"line":422,"column":0},"end":{"line":422,"column":45}},"422":{"start":{"line":423,"column":0},"end":{"line":423,"column":68}},"423":{"start":{"line":424,"column":0},"end":{"line":424,"column":19}},"424":{"start":{"line":425,"column":0},"end":{"line":425,"column":8}},"425":{"start":{"line":426,"column":0},"end":{"line":426,"column":5}},"428":{"start":{"line":429,"column":0},"end":{"line":429,"column":60}},"429":{"start":{"line":430,"column":0},"end":{"line":430,"column":31}},"430":{"start":{"line":431,"column":0},"end":{"line":431,"column":31}},"431":{"start":{"line":432,"column":0},"end":{"line":432,"column":5}},"434":{"start":{"line":435,"column":0},"end":{"line":435,"column":65}},"437":{"start":{"line":438,"column":0},"end":{"line":438,"column":73}},"438":{"start":{"line":439,"column":0},"end":{"line":439,"column":66}},"441":{"start":{"line":442,"column":0},"end":{"line":442,"column":40}},"442":{"start":{"line":443,"column":0},"end":{"line":443,"column":53}},"445":{"start":{"line":446,"column":0},"end":{"line":446,"column":64}},"448":{"start":{"line":449,"column":0},"end":{"line":449,"column":48}},"449":{"start":{"line":450,"column":0},"end":{"line":450,"column":26}},"450":{"start":{"line":451,"column":0},"end":{"line":451,"column":6}},"453":{"start":{"line":454,"column":0},"end":{"line":454,"column":71}},"454":{"start":{"line":455,"column":0},"end":{"line":455,"column":117}},"455":{"start":{"line":456,"column":0},"end":{"line":456,"column":21}},"456":{"start":{"line":457,"column":0},"end":{"line":457,"column":19}},"457":{"start":{"line":458,"column":0},"end":{"line":458,"column":27}},"458":{"start":{"line":459,"column":0},"end":{"line":459,"column":26}},"459":{"start":{"line":460,"column":0},"end":{"line":460,"column":12}},"460":{"start":{"line":461,"column":0},"end":{"line":461,"column":48}},"461":{"start":{"line":462,"column":0},"end":{"line":462,"column":10}},"462":{"start":{"line":463,"column":0},"end":{"line":463,"column":19}},"463":{"start":{"line":464,"column":0},"end":{"line":464,"column":67}},"464":{"start":{"line":465,"column":0},"end":{"line":465,"column":5}},"466":{"start":{"line":467,"column":0},"end":{"line":467,"column":38}},"469":{"start":{"line":470,"column":0},"end":{"line":470,"column":57}},"470":{"start":{"line":471,"column":0},"end":{"line":471,"column":3}},"472":{"start":{"line":473,"column":0},"end":{"line":473,"column":49}},"473":{"start":{"line":474,"column":0},"end":{"line":474,"column":108}},"474":{"start":{"line":475,"column":0},"end":{"line":475,"column":44}},"476":{"start":{"line":477,"column":0},"end":{"line":477,"column":23}},"477":{"start":{"line":478,"column":0},"end":{"line":478,"column":51}},"478":{"start":{"line":479,"column":0},"end":{"line":479,"column":7}},"480":{"start":{"line":481,"column":0},"end":{"line":481,"column":54}},"481":{"start":{"line":482,"column":0},"end":{"line":482,"column":51}},"482":{"start":{"line":483,"column":0},"end":{"line":483,"column":34}},"483":{"start":{"line":484,"column":0},"end":{"line":484,"column":8}},"486":{"start":{"line":487,"column":0},"end":{"line":487,"column":39}},"487":{"start":{"line":488,"column":0},"end":{"line":488,"column":47}},"488":{"start":{"line":489,"column":0},"end":{"line":489,"column":7}},"491":{"start":{"line":492,"column":0},"end":{"line":492,"column":29}},"492":{"start":{"line":493,"column":0},"end":{"line":493,"column":49}},"493":{"start":{"line":494,"column":0},"end":{"line":494,"column":7}},"496":{"start":{"line":497,"column":0},"end":{"line":497,"column":26}},"497":{"start":{"line":498,"column":0},"end":{"line":498,"column":43}},"498":{"start":{"line":499,"column":0},"end":{"line":499,"column":7}},"500":{"start":{"line":501,"column":0},"end":{"line":501,"column":36}},"501":{"start":{"line":502,"column":0},"end":{"line":502,"column":17}},"502":{"start":{"line":503,"column":0},"end":{"line":503,"column":11}},"504":{"start":{"line":505,"column":0},"end":{"line":505,"column":40}},"505":{"start":{"line":506,"column":0},"end":{"line":506,"column":23}},"506":{"start":{"line":507,"column":0},"end":{"line":507,"column":13}},"507":{"start":{"line":508,"column":0},"end":{"line":508,"column":45}},"508":{"start":{"line":509,"column":0},"end":{"line":509,"column":25}},"509":{"start":{"line":510,"column":0},"end":{"line":510,"column":84}},"510":{"start":{"line":511,"column":0},"end":{"line":511,"column":8}},"511":{"start":{"line":512,"column":0},"end":{"line":512,"column":17}},"512":{"start":{"line":513,"column":0},"end":{"line":513,"column":28}},"513":{"start":{"line":514,"column":0},"end":{"line":514,"column":9}},"514":{"start":{"line":515,"column":0},"end":{"line":515,"column":12}},"515":{"start":{"line":516,"column":0},"end":{"line":516,"column":19}},"516":{"start":{"line":517,"column":0},"end":{"line":517,"column":65}},"517":{"start":{"line":518,"column":0},"end":{"line":518,"column":7}},"518":{"start":{"line":519,"column":0},"end":{"line":519,"column":6}},"520":{"start":{"line":521,"column":0},"end":{"line":521,"column":16}},"521":{"start":{"line":522,"column":0},"end":{"line":522,"column":3}},"523":{"start":{"line":524,"column":0},"end":{"line":524,"column":41}},"524":{"start":{"line":525,"column":0},"end":{"line":525,"column":39}},"525":{"start":{"line":526,"column":0},"end":{"line":526,"column":28}},"526":{"start":{"line":527,"column":0},"end":{"line":527,"column":16}},"527":{"start":{"line":528,"column":0},"end":{"line":528,"column":23}},"528":{"start":{"line":529,"column":0},"end":{"line":529,"column":18}},"529":{"start":{"line":530,"column":0},"end":{"line":530,"column":7}},"530":{"start":{"line":531,"column":0},"end":{"line":531,"column":3}},"532":{"start":{"line":533,"column":0},"end":{"line":533,"column":51}},"533":{"start":{"line":534,"column":0},"end":{"line":534,"column":39}},"534":{"start":{"line":535,"column":0},"end":{"line":535,"column":49}},"537":{"start":{"line":538,"column":0},"end":{"line":538,"column":36}},"538":{"start":{"line":539,"column":0},"end":{"line":539,"column":51}},"539":{"start":{"line":540,"column":0},"end":{"line":540,"column":5}},"542":{"start":{"line":543,"column":0},"end":{"line":543,"column":21}},"543":{"start":{"line":544,"column":0},"end":{"line":544,"column":43}},"544":{"start":{"line":545,"column":0},"end":{"line":545,"column":35}},"545":{"start":{"line":546,"column":0},"end":{"line":546,"column":6}},"548":{"start":{"line":549,"column":0},"end":{"line":549,"column":21}},"549":{"start":{"line":550,"column":0},"end":{"line":550,"column":43}},"550":{"start":{"line":551,"column":0},"end":{"line":551,"column":14}},"551":{"start":{"line":552,"column":0},"end":{"line":552,"column":6}},"552":{"start":{"line":553,"column":0},"end":{"line":553,"column":3}},"554":{"start":{"line":555,"column":0},"end":{"line":555,"column":29}},"555":{"start":{"line":556,"column":0},"end":{"line":556,"column":12}},"556":{"start":{"line":557,"column":0},"end":{"line":557,"column":12}},"557":{"start":{"line":558,"column":0},"end":{"line":558,"column":23}},"558":{"start":{"line":559,"column":0},"end":{"line":559,"column":18}},"559":{"start":{"line":560,"column":0},"end":{"line":560,"column":26}},"560":{"start":{"line":561,"column":0},"end":{"line":561,"column":27}},"561":{"start":{"line":562,"column":0},"end":{"line":562,"column":10}},"562":{"start":{"line":563,"column":0},"end":{"line":563,"column":33}},"563":{"start":{"line":564,"column":0},"end":{"line":564,"column":8}},"564":{"start":{"line":565,"column":0},"end":{"line":565,"column":6}},"565":{"start":{"line":566,"column":0},"end":{"line":566,"column":3}},"566":{"start":{"line":567,"column":0},"end":{"line":567,"column":1}},"568":{"start":{"line":569,"column":0},"end":{"line":569,"column":47}}},"s":{"0":1,"1":1,"2":1,"96":1,"97":2,"98":2,"99":2,"100":2,"101":2,"102":2,"104":2,"105":2,"106":2,"107":2,"108":2,"109":2,"110":2,"111":2,"113":2,"114":0,"115":0,"117":2,"118":14,"119":14,"120":14,"121":14,"123":2,"124":27,"125":27,"128":27,"129":6,"130":6,"132":6,"133":18,"134":18,"135":18,"136":6,"137":18,"139":12,"140":12,"141":18,"142":18,"143":6,"145":6,"146":6,"147":6,"148":6,"149":6,"150":6,"153":12,"154":12,"155":12,"156":12,"157":27,"159":2,"160":30,"161":30,"162":0,"165":0,"168":0,"169":0,"170":0,"171":0,"172":0,"173":0,"174":0,"177":0,"178":0,"179":0,"180":0,"181":0,"182":0,"183":0,"184":0,"185":0,"187":30,"188":15,"189":15,"190":15,"191":15,"192":15,"193":15,"194":15,"195":15,"196":15,"197":15,"200":15,"201":15,"202":15,"203":15,"204":15,"205":15,"206":15,"207":15,"208":15,"210":15,"211":30,"212":30,"213":30,"214":30,"216":2,"217":15,"218":15,"219":15,"220":15,"221":15,"222":15,"223":15,"224":15,"225":15,"226":15,"227":15,"228":15,"229":15,"230":15,"231":15,"232":14,"233":14,"234":15,"235":15,"236":15,"237":2,"238":2,"239":15,"240":15,"241":0,"242":0,"243":15,"244":15,"245":15,"246":15,"247":15,"248":15,"249":15,"250":15,"251":5,"252":5,"253":15,"254":15,"255":15,"256":15,"257":15,"258":15,"259":15,"260":15,"262":15,"263":15,"265":2,"266":15,"267":14,"268":14,"269":1,"270":1,"271":2,"272":1,"273":1,"274":15,"276":2,"278":6,"279":6,"281":6,"282":6,"283":2,"284":2,"285":2,"286":2,"287":2,"288":2,"290":6,"291":1,"292":1,"293":1,"294":0,"295":0,"296":0,"297":0,"298":0,"299":0,"300":0,"301":0,"302":1,"303":1,"305":6,"306":2,"307":2,"308":2,"309":2,"310":2,"312":6,"313":1,"314":1,"315":1,"316":1,"317":1,"319":6,"320":0,"321":6,"323":6,"324":6,"325":6,"327":2,"328":15,"329":15,"330":15,"331":15,"332":15,"333":15,"334":15,"335":15,"336":15,"337":15,"338":15,"339":15,"340":1,"341":1,"342":1,"343":15,"346":15,"347":5,"348":6,"349":6,"350":5,"351":5,"354":15,"357":15,"358":15,"359":0,"360":0,"361":0,"362":0,"363":0,"364":0,"365":0,"366":0,"367":0,"368":0,"369":0,"370":0,"371":15,"374":15,"375":2,"376":2,"377":2,"378":2,"379":2,"380":2,"381":2,"382":2,"383":2,"384":2,"385":2,"386":15,"389":15,"390":9,"391":14,"392":14,"393":14,"394":14,"395":14,"396":14,"397":14,"398":14,"399":14,"400":14,"401":14,"402":9,"403":9,"406":15,"407":0,"408":0,"409":0,"410":0,"411":0,"412":0,"413":0,"414":0,"417":15,"420":15,"421":15,"422":15,"423":15,"424":15,"425":15,"428":15,"429":15,"430":0,"431":0,"434":15,"437":15,"438":15,"441":15,"442":15,"445":15,"448":15,"449":15,"450":15,"453":15,"454":5,"455":5,"456":5,"457":5,"458":5,"459":5,"460":5,"461":5,"462":5,"463":5,"464":5,"466":15,"469":15,"470":15,"472":2,"473":10,"474":11,"476":11,"477":11,"478":11,"480":11,"481":11,"482":11,"483":11,"486":11,"487":5,"488":5,"491":11,"492":1,"493":1,"496":11,"497":5,"498":5,"500":11,"501":11,"502":10,"504":10,"505":10,"506":10,"507":10,"508":10,"509":10,"510":10,"511":10,"512":10,"513":10,"514":10,"515":10,"516":10,"517":10,"518":10,"520":10,"521":10,"523":2,"524":2,"525":2,"526":2,"527":2,"528":2,"529":2,"530":2,"532":2,"533":1,"534":1,"537":1,"538":1,"539":1,"542":1,"543":1,"544":1,"545":1,"548":1,"549":1,"550":1,"551":1,"552":1,"554":2,"555":10,"556":10,"557":10,"558":10,"559":10,"560":10,"561":10,"562":10,"563":10,"564":10,"565":10,"566":2,"568":1},"branchMap":{"0":{"type":"branch","line":97,"loc":{"start":{"line":97,"column":19},"end":{"line":567,"column":1}},"locations":[{"start":{"line":97,"column":19},"end":{"line":567,"column":1}}]},"1":{"type":"branch","line":105,"loc":{"start":{"line":105,"column":2},"end":{"line":112,"column":3}},"locations":[{"start":{"line":105,"column":2},"end":{"line":112,"column":3}}]},"2":{"type":"branch","line":118,"loc":{"start":{"line":118,"column":9},"end":{"line":122,"column":3}},"locations":[{"start":{"line":118,"column":9},"end":{"line":122,"column":3}}]},"3":{"type":"branch","line":124,"loc":{"start":{"line":124,"column":10},"end":{"line":158,"column":3}},"locations":[{"start":{"line":124,"column":10},"end":{"line":158,"column":3}}]},"4":{"type":"branch","line":125,"loc":{"start":{"line":125,"column":30},"end":{"line":125,"column":56}},"locations":[{"start":{"line":125,"column":30},"end":{"line":125,"column":56}}]},"5":{"type":"branch","line":126,"loc":{"start":{"line":126,"column":30},"end":{"line":126,"column":48}},"locations":[{"start":{"line":126,"column":30},"end":{"line":126,"column":48}}]},"6":{"type":"branch","line":126,"loc":{"start":{"line":126,"column":46},"end":{"line":129,"column":49}},"locations":[{"start":{"line":126,"column":46},"end":{"line":129,"column":49}}]},"7":{"type":"branch","line":129,"loc":{"start":{"line":129,"column":49},"end":{"line":151,"column":5}},"locations":[{"start":{"line":129,"column":49},"end":{"line":151,"column":5}}]},"8":{"type":"branch","line":151,"loc":{"start":{"line":151,"column":4},"end":{"line":157,"column":6}},"locations":[{"start":{"line":151,"column":4},"end":{"line":157,"column":6}}]},"9":{"type":"branch","line":129,"loc":{"start":{"line":129,"column":22},"end":{"line":129,"column":46}},"locations":[{"start":{"line":129,"column":22},"end":{"line":129,"column":46}}]},"10":{"type":"branch","line":133,"loc":{"start":{"line":133,"column":22},"end":{"line":144,"column":7}},"locations":[{"start":{"line":133,"column":22},"end":{"line":144,"column":7}}]},"11":{"type":"branch","line":135,"loc":{"start":{"line":135,"column":52},"end":{"line":142,"column":11}},"locations":[{"start":{"line":135,"column":52},"end":{"line":142,"column":11}}]},"12":{"type":"branch","line":136,"loc":{"start":{"line":136,"column":40},"end":{"line":138,"column":19}},"locations":[{"start":{"line":136,"column":40},"end":{"line":138,"column":19}}]},"13":{"type":"branch","line":138,"loc":{"start":{"line":138,"column":12},"end":{"line":141,"column":13}},"locations":[{"start":{"line":138,"column":12},"end":{"line":141,"column":13}}]},"14":{"type":"branch","line":160,"loc":{"start":{"line":160,"column":10},"end":{"line":215,"column":3}},"locations":[{"start":{"line":160,"column":10},"end":{"line":215,"column":3}}]},"15":{"type":"branch","line":161,"loc":{"start":{"line":161,"column":22},"end":{"line":161,"column":46}},"locations":[{"start":{"line":161,"column":22},"end":{"line":161,"column":46}}]},"16":{"type":"branch","line":162,"loc":{"start":{"line":162,"column":28},"end":{"line":186,"column":5}},"locations":[{"start":{"line":162,"column":28},"end":{"line":186,"column":5}}]},"17":{"type":"branch","line":188,"loc":{"start":{"line":188,"column":33},"end":{"line":212,"column":35}},"locations":[{"start":{"line":188,"column":33},"end":{"line":212,"column":35}}]},"18":{"type":"branch","line":212,"loc":{"start":{"line":212,"column":30},"end":{"line":212,"column":44}},"locations":[{"start":{"line":212,"column":30},"end":{"line":212,"column":44}}]},"19":{"type":"branch","line":217,"loc":{"start":{"line":217,"column":10},"end":{"line":264,"column":3}},"locations":[{"start":{"line":217,"column":10},"end":{"line":264,"column":3}}]},"20":{"type":"branch","line":231,"loc":{"start":{"line":231,"column":40},"end":{"line":231,"column":53}},"locations":[{"start":{"line":231,"column":40},"end":{"line":231,"column":53}}]},"21":{"type":"branch","line":236,"loc":{"start":{"line":236,"column":44},"end":{"line":236,"column":55}},"locations":[{"start":{"line":236,"column":44},"end":{"line":236,"column":55}}]},"22":{"type":"branch","line":241,"loc":{"start":{"line":241,"column":26},"end":{"line":244,"column":12}},"locations":[{"start":{"line":241,"column":26},"end":{"line":244,"column":12}}]},"23":{"type":"branch","line":248,"loc":{"start":{"line":248,"column":40},"end":{"line":248,"column":53}},"locations":[{"start":{"line":248,"column":40},"end":{"line":248,"column":53}}]},"24":{"type":"branch","line":248,"loc":{"start":{"line":248,"column":46},"end":{"line":248,"column":61}},"locations":[{"start":{"line":248,"column":46},"end":{"line":248,"column":61}}]},"25":{"type":"branch","line":250,"loc":{"start":{"line":250,"column":41},"end":{"line":250,"column":54}},"locations":[{"start":{"line":250,"column":41},"end":{"line":250,"column":54}}]},"26":{"type":"branch","line":256,"loc":{"start":{"line":256,"column":62},"end":{"line":256,"column":73}},"locations":[{"start":{"line":256,"column":62},"end":{"line":256,"column":73}}]},"27":{"type":"branch","line":257,"loc":{"start":{"line":257,"column":29},"end":{"line":257,"column":63}},"locations":[{"start":{"line":257,"column":29},"end":{"line":257,"column":63}}]},"28":{"type":"branch","line":258,"loc":{"start":{"line":258,"column":60},"end":{"line":258,"column":66}},"locations":[{"start":{"line":258,"column":60},"end":{"line":258,"column":66}}]},"29":{"type":"branch","line":232,"loc":{"start":{"line":232,"column":15},"end":{"line":235,"column":12}},"locations":[{"start":{"line":232,"column":15},"end":{"line":235,"column":12}}]},"30":{"type":"branch","line":237,"loc":{"start":{"line":237,"column":15},"end":{"line":240,"column":12}},"locations":[{"start":{"line":237,"column":15},"end":{"line":240,"column":12}}]},"31":{"type":"branch","line":251,"loc":{"start":{"line":251,"column":15},"end":{"line":254,"column":12}},"locations":[{"start":{"line":251,"column":15},"end":{"line":254,"column":12}}]},"32":{"type":"branch","line":266,"loc":{"start":{"line":266,"column":10},"end":{"line":275,"column":3}},"locations":[{"start":{"line":266,"column":10},"end":{"line":275,"column":3}}]},"33":{"type":"branch","line":267,"loc":{"start":{"line":267,"column":51},"end":{"line":269,"column":5}},"locations":[{"start":{"line":267,"column":51},"end":{"line":269,"column":5}}]},"34":{"type":"branch","line":269,"loc":{"start":{"line":269,"column":4},"end":{"line":274,"column":35}},"locations":[{"start":{"line":269,"column":4},"end":{"line":274,"column":35}}]},"35":{"type":"branch","line":271,"loc":{"start":{"line":271,"column":34},"end":{"line":273,"column":5}},"locations":[{"start":{"line":271,"column":34},"end":{"line":273,"column":5}}]},"36":{"type":"branch","line":277,"loc":{"start":{"line":277,"column":10},"end":{"line":326,"column":3}},"locations":[{"start":{"line":277,"column":10},"end":{"line":326,"column":3}}]},"37":{"type":"branch","line":283,"loc":{"start":{"line":283,"column":6},"end":{"line":289,"column":14}},"locations":[{"start":{"line":283,"column":6},"end":{"line":289,"column":14}}]},"38":{"type":"branch","line":286,"loc":{"start":{"line":286,"column":25},"end":{"line":286,"column":45}},"locations":[{"start":{"line":286,"column":25},"end":{"line":286,"column":45}}]},"39":{"type":"branch","line":287,"loc":{"start":{"line":287,"column":23},"end":{"line":287,"column":37}},"locations":[{"start":{"line":287,"column":23},"end":{"line":287,"column":37}}]},"40":{"type":"branch","line":291,"loc":{"start":{"line":291,"column":6},"end":{"line":304,"column":14}},"locations":[{"start":{"line":291,"column":6},"end":{"line":304,"column":14}}]},"41":{"type":"branch","line":294,"loc":{"start":{"line":294,"column":26},"end":{"line":302,"column":11}},"locations":[{"start":{"line":294,"column":26},"end":{"line":302,"column":11}}]},"42":{"type":"branch","line":306,"loc":{"start":{"line":306,"column":6},"end":{"line":311,"column":14}},"locations":[{"start":{"line":306,"column":6},"end":{"line":311,"column":14}}]},"43":{"type":"branch","line":309,"loc":{"start":{"line":309,"column":27},"end":{"line":309,"column":45}},"locations":[{"start":{"line":309,"column":27},"end":{"line":309,"column":45}}]},"44":{"type":"branch","line":313,"loc":{"start":{"line":313,"column":6},"end":{"line":318,"column":14}},"locations":[{"start":{"line":313,"column":6},"end":{"line":318,"column":14}}]},"45":{"type":"branch","line":316,"loc":{"start":{"line":316,"column":37},"end":{"line":316,"column":111}},"locations":[{"start":{"line":316,"column":37},"end":{"line":316,"column":111}}]},"46":{"type":"branch","line":320,"loc":{"start":{"line":320,"column":6},"end":{"line":321,"column":71}},"locations":[{"start":{"line":320,"column":6},"end":{"line":321,"column":71}}]},"47":{"type":"branch","line":328,"loc":{"start":{"line":328,"column":9},"end":{"line":471,"column":3}},"locations":[{"start":{"line":328,"column":9},"end":{"line":471,"column":3}}]},"48":{"type":"branch","line":340,"loc":{"start":{"line":340,"column":44},"end":{"line":340,"column":64}},"locations":[{"start":{"line":340,"column":44},"end":{"line":340,"column":64}}]},"49":{"type":"branch","line":340,"loc":{"start":{"line":340,"column":52},"end":{"line":343,"column":7}},"locations":[{"start":{"line":340,"column":52},"end":{"line":343,"column":7}}]},"50":{"type":"branch","line":347,"loc":{"start":{"line":347,"column":26},"end":{"line":352,"column":5}},"locations":[{"start":{"line":347,"column":26},"end":{"line":352,"column":5}}]},"51":{"type":"branch","line":390,"loc":{"start":{"line":390,"column":25},"end":{"line":404,"column":5}},"locations":[{"start":{"line":390,"column":25},"end":{"line":404,"column":5}}]},"52":{"type":"branch","line":407,"loc":{"start":{"line":407,"column":16},"end":{"line":407,"column":56}},"locations":[{"start":{"line":407,"column":16},"end":{"line":407,"column":56}}]},"53":{"type":"branch","line":407,"loc":{"start":{"line":407,"column":56},"end":{"line":415,"column":5}},"locations":[{"start":{"line":407,"column":56},"end":{"line":415,"column":5}}]},"54":{"type":"branch","line":418,"loc":{"start":{"line":418,"column":41},"end":{"line":418,"column":75}},"locations":[{"start":{"line":418,"column":41},"end":{"line":418,"column":75}}]},"55":{"type":"branch","line":430,"loc":{"start":{"line":430,"column":30},"end":{"line":432,"column":5}},"locations":[{"start":{"line":430,"column":30},"end":{"line":432,"column":5}}]},"56":{"type":"branch","line":439,"loc":{"start":{"line":439,"column":58},"end":{"line":439,"column":66}},"locations":[{"start":{"line":439,"column":58},"end":{"line":439,"column":66}}]},"57":{"type":"branch","line":454,"loc":{"start":{"line":454,"column":17},"end":{"line":454,"column":70}},"locations":[{"start":{"line":454,"column":17},"end":{"line":454,"column":70}}]},"58":{"type":"branch","line":454,"loc":{"start":{"line":454,"column":70},"end":{"line":465,"column":5}},"locations":[{"start":{"line":454,"column":70},"end":{"line":465,"column":5}}]},"59":{"type":"branch","line":348,"loc":{"start":{"line":348,"column":47},"end":{"line":351,"column":7}},"locations":[{"start":{"line":348,"column":47},"end":{"line":351,"column":7}}]},"60":{"type":"branch","line":375,"loc":{"start":{"line":375,"column":42},"end":{"line":387,"column":5}},"locations":[{"start":{"line":375,"column":42},"end":{"line":387,"column":5}}]},"61":{"type":"branch","line":376,"loc":{"start":{"line":376,"column":36},"end":{"line":376,"column":55}},"locations":[{"start":{"line":376,"column":36},"end":{"line":376,"column":55}}]},"62":{"type":"branch","line":391,"loc":{"start":{"line":391,"column":46},"end":{"line":403,"column":7}},"locations":[{"start":{"line":391,"column":46},"end":{"line":403,"column":7}}]},"63":{"type":"branch","line":392,"loc":{"start":{"line":392,"column":38},"end":{"line":392,"column":58}},"locations":[{"start":{"line":392,"column":38},"end":{"line":392,"column":58}}]},"64":{"type":"branch","line":455,"loc":{"start":{"line":455,"column":92},"end":{"line":464,"column":9}},"locations":[{"start":{"line":455,"column":92},"end":{"line":464,"column":9}}]},"65":{"type":"branch","line":473,"loc":{"start":{"line":473,"column":9},"end":{"line":522,"column":3}},"locations":[{"start":{"line":473,"column":9},"end":{"line":522,"column":3}}]},"66":{"type":"branch","line":474,"loc":{"start":{"line":474,"column":85},"end":{"line":503,"column":7}},"locations":[{"start":{"line":474,"column":85},"end":{"line":503,"column":7}}]},"67":{"type":"branch","line":487,"loc":{"start":{"line":487,"column":38},"end":{"line":489,"column":7}},"locations":[{"start":{"line":487,"column":38},"end":{"line":489,"column":7}}]},"68":{"type":"branch","line":492,"loc":{"start":{"line":492,"column":28},"end":{"line":494,"column":7}},"locations":[{"start":{"line":492,"column":28},"end":{"line":494,"column":7}}]},"69":{"type":"branch","line":497,"loc":{"start":{"line":497,"column":25},"end":{"line":499,"column":7}},"locations":[{"start":{"line":497,"column":25},"end":{"line":499,"column":7}}]},"70":{"type":"branch","line":524,"loc":{"start":{"line":524,"column":9},"end":{"line":531,"column":3}},"locations":[{"start":{"line":524,"column":9},"end":{"line":531,"column":3}}]},"71":{"type":"branch","line":533,"loc":{"start":{"line":533,"column":9},"end":{"line":553,"column":3}},"locations":[{"start":{"line":533,"column":9},"end":{"line":553,"column":3}}]},"72":{"type":"branch","line":555,"loc":{"start":{"line":555,"column":9},"end":{"line":566,"column":3}},"locations":[{"start":{"line":555,"column":9},"end":{"line":566,"column":3}}]}},"b":{"0":[2],"1":[2],"2":[14],"3":[27],"4":[0],"5":[9],"6":[18],"7":[6],"8":[12],"9":[36],"10":[18],"11":[18],"12":[6],"13":[12],"14":[30],"15":[0],"16":[0],"17":[15],"18":[0],"19":[15],"20":[6],"21":[0],"22":[0],"23":[14],"24":[1],"25":[10],"26":[0],"27":[0],"28":[0],"29":[14],"30":[2],"31":[5],"32":[15],"33":[14],"34":[1],"35":[2],"36":[6],"37":[2],"38":[0],"39":[0],"40":[1],"41":[0],"42":[2],"43":[0],"44":[1],"45":[0],"46":[0],"47":[15],"48":[14],"49":[1],"50":[5],"51":[9],"52":[0],"53":[0],"54":[0],"55":[0],"56":[9],"57":[5],"58":[5],"59":[6],"60":[2],"61":[1],"62":[14],"63":[9],"64":[5],"65":[10],"66":[11],"67":[5],"68":[1],"69":[5],"70":[2],"71":[1],"72":[10]},"fnMap":{"0":{"name":"<instance_members_initializer>","decl":{"start":{"line":97,"column":19},"end":{"line":567,"column":1}},"loc":{"start":{"line":97,"column":19},"end":{"line":567,"column":1}},"line":97},"1":{"name":"OpenAPIStore","decl":{"start":{"line":105,"column":2},"end":{"line":112,"column":3}},"loc":{"start":{"line":105,"column":2},"end":{"line":112,"column":3}},"line":105},"2":{"name":"setTargetUrl","decl":{"start":{"line":114,"column":9},"end":{"line":116,"column":3}},"loc":{"start":{"line":114,"column":9},"end":{"line":116,"column":3}},"line":114},"3":{"name":"clear","decl":{"start":{"line":118,"column":9},"end":{"line":122,"column":3}},"loc":{"start":{"line":118,"column":9},"end":{"line":122,"column":3}},"line":118},"4":{"name":"deepMergeSchemas","decl":{"start":{"line":124,"column":10},"end":{"line":158,"column":3}},"loc":{"start":{"line":124,"column":10},"end":{"line":158,"column":3}},"line":124},"5":{"name":"generateJsonSchema","decl":{"start":{"line":160,"column":10},"end":{"line":215,"column":3}},"loc":{"start":{"line":160,"column":10},"end":{"line":215,"column":3}},"line":160},"6":{"name":"recordHAREntry","decl":{"start":{"line":217,"column":10},"end":{"line":264,"column":3}},"loc":{"start":{"line":217,"column":10},"end":{"line":264,"column":3}},"line":217},"7":{"name":"buildQueryString","decl":{"start":{"line":266,"column":10},"end":{"line":275,"column":3}},"loc":{"start":{"line":266,"column":10},"end":{"line":275,"column":3}},"line":266},"8":{"name":"addSecurityScheme","decl":{"start":{"line":277,"column":10},"end":{"line":326,"column":3}},"loc":{"start":{"line":277,"column":10},"end":{"line":326,"column":3}},"line":277},"9":{"name":"recordEndpoint","decl":{"start":{"line":328,"column":9},"end":{"line":471,"column":3}},"loc":{"start":{"line":328,"column":9},"end":{"line":471,"column":3}},"line":328},"10":{"name":"getOpenAPISpec","decl":{"start":{"line":473,"column":9},"end":{"line":522,"column":3}},"loc":{"start":{"line":473,"column":9},"end":{"line":522,"column":3}},"line":473},"11":{"name":"getOpenAPISpecAsYAML","decl":{"start":{"line":524,"column":9},"end":{"line":531,"column":3}},"loc":{"start":{"line":524,"column":9},"end":{"line":531,"column":3}},"line":524},"12":{"name":"saveOpenAPISpec","decl":{"start":{"line":533,"column":9},"end":{"line":553,"column":3}},"loc":{"start":{"line":533,"column":9},"end":{"line":553,"column":3}},"line":533},"13":{"name":"generateHAR","decl":{"start":{"line":555,"column":9},"end":{"line":566,"column":3}},"loc":{"start":{"line":555,"column":9},"end":{"line":566,"column":3}},"line":555}},"f":{"0":2,"1":2,"2":0,"3":14,"4":27,"5":30,"6":15,"7":15,"8":6,"9":15,"10":10,"11":2,"12":1,"13":10}}
}
